<?xml version="1.0" encoding="UTF-8"?>
<!-- Generated by org.testng.reporters.JUnitXMLReporter -->
<testsuite ignored="0" hostname="rajat" failures="1" tests="1" name="Test" time="14.363" errors="0" timestamp="2022-02-10T15:13:15 IST">
  <testcase classname="testClasses.Test_Case1_Login" name="login" time="2.037">
    <failure type="java.lang.AssertionError" message="expected [true] but found [false]">
      <![CDATA[java.lang.AssertionError: expected [true] but found [false]
at testClasses.Test_Case1_Login.login(Test_Case1_Login.java:29)
at java.base/java.util.ArrayList.forEach(ArrayList.java:1511)
... Removed 31 stack frames]]>
    </failure>
  </testcase> <!-- login -->
</testsuite> <!-- Test -->
